src/app/[reg_no]/[award_slug]/CustomAwardClient.tsx(3,10): error TS2305: Module '"@/lib/awards"' has no exported member 'AwardConfig'.
src/app/actions.ts(47,15): error TS2741: Property 'termsAccepted' is missing in type '{ consentGiven: boolean; submittedAt: string; personalDetails: { name: string; registerNumber: string; department: "B.Tech Electronics and Communication Engineering" | "B.Tech Electronics and Computer Engineering" | "M.Tech Electronics and Communication Engineering"; ... 6 more ...; profilePhotoUrl?: string | undefi...' but required in type 'StudentApplication'.
src/app/api/seed-test-data/route.ts(101,11): error TS2741: Property 'termsAccepted' is missing in type '{ personalDetails: { name: string; registerNumber: string; department: string; specialization: string; personalEmail: string; srmEmail: string; mobileNumber: string; facultyAdvisor: string; section: string; profilePhotoUrl: string; }; ... 20 more ...; submittedAt: string; }' but required in type 'StudentApplication'.
src/lib/mockData.ts(31,15): error TS2741: Property 'termsAccepted' is missing in type '{ personalDetails: { name: string; registerNumber: string; department: string; section: string; facultyAdvisor: string; specialization: string; personalEmail: string; srmEmail: string; mobileNumber: string; profilePhotoUrl: string; }; ... 20 more ...; submittedAt: string; }' but required in type 'StudentApplication'.
